<?xml version="1.0" encoding="UTF-8"?>
<!-- Generated by org.testng.reporters.JUnitReportReporter -->
<testsuite hostname="Tharunikaaaaa" failures="0" tests="1" name="test.TC_005BookingConfirmationTest" time="26.804" errors="0" timestamp="2025-03-31T14:45:59 IST" skipped="0">
  <testcase classname="test.TC_005BookingConfirmationTest" name="BookingConfirmation" time="26.804"/>
</testsuite> <!-- test.TC_005BookingConfirmationTest -->
