<?xml version="1.0" encoding="UTF-8"?>
<!-- Generated by org.testng.reporters.JUnitReportReporter -->
<testsuite hostname="Tharunikaaaaa" failures="0" tests="1" name="test.TC002_SearchFunctionality" time="8.097" errors="0" timestamp="2025-03-30T19:40:21 IST" skipped="0">
  <testcase classname="test.TC002_SearchFunctionality" name="SearchFunctionTest" time="8.097"/>
</testsuite> <!-- test.TC002_SearchFunctionality -->
