<?xml version="1.0" encoding="UTF-8"?>
<!-- Generated by org.testng.reporters.JUnitReportReporter -->
<testsuite hostname="Tharunikaaaaa" failures="0" tests="1" name="test.TC_003SelectHotelTest" time="9.297" errors="0" timestamp="2025-03-31T14:45:59 IST" skipped="0">
  <testcase classname="test.TC_003SelectHotelTest" name="SelectHotel" time="9.297"/>
</testsuite> <!-- test.TC_003SelectHotelTest -->
