<?xml version="1.0" encoding="UTF-8"?>
<!-- Generated by org.testng.reporters.JUnitReportReporter -->
<testsuite hostname="Tharunikaaaaa" failures="0" tests="1" name="test.TC_001LoginTest" time="5.832" errors="0" timestamp="2025-03-30T19:40:21 IST" skipped="0">
  <testcase classname="test.TC_001LoginTest" name="loginandlogoutTest" time="5.832"/>
</testsuite> <!-- test.TC_001LoginTest -->
