<?xml version="1.0" encoding="UTF-8"?>
<!-- Generated by org.testng.reporters.JUnitReportReporter -->
<testsuite hostname="Tharunikaaaaa" failures="0" tests="1" name="test.TC_006BookedIteneraryTest" time="43.358" errors="0" timestamp="2025-03-31T14:45:59 IST" skipped="0">
  <testcase classname="test.TC_006BookedIteneraryTest" name="BookediteneraryTest" time="43.358"/>
</testsuite> <!-- test.TC_006BookedIteneraryTest -->
