<?xml version="1.0" encoding="UTF-8"?>
<!-- Generated by org.testng.reporters.JUnitReportReporter -->
<testsuite hostname="Tharunikaaaaa" failures="0" tests="1" name="test.TC_002SearchFunctionality" time="7.763" errors="0" timestamp="2025-03-31T14:45:59 IST" skipped="0">
  <testcase classname="test.TC_002SearchFunctionality" name="SearchFunctionTest" time="7.763"/>
</testsuite> <!-- test.TC_002SearchFunctionality -->
